{"uid":"9afef93e43bb9fda","name":"Verify GET /booking/<id> from external JSON","fullName":"Users API testing: Verify GET /booking/<id> from external JSON","historyId":"61332d9ca3503559efb4ac66d468eb34","time":{"start":1755039866358,"stop":1755039867382,"duration":1024},"status":"failed","statusMessage":"AssertionError: Failed to get details for 1\n","statusTrace":"  File \"/Users/sachinmate/Documents/Projects/api-automation-behave-framework/api-automation-behave-framework/venv/lib/python3.9/site-packages/behave/model.py\", line 1329, in run\n    match.run(runner.context)\n  File \"/Users/sachinmate/Documents/Projects/api-automation-behave-framework/api-automation-behave-framework/venv/lib/python3.9/site-packages/behave/matchers.py\", line 98, in run\n    self.func(context, *args, **kwargs)\n  File \"features/steps/booking_steps.py\", line 29, in step_external_data\n    assert context.response.status_code == 200, \\\n","flaky":false,"newFailed":false,"newBroken":false,"newPassed":false,"retriesCount":1,"retriesStatusChange":true,"beforeStages":[],"testStage":{"status":"failed","statusMessage":"AssertionError: Failed to get details for 1\n","statusTrace":"  File \"/Users/sachinmate/Documents/Projects/api-automation-behave-framework/api-automation-behave-framework/venv/lib/python3.9/site-packages/behave/model.py\", line 1329, in run\n    match.run(runner.context)\n  File \"/Users/sachinmate/Documents/Projects/api-automation-behave-framework/api-automation-behave-framework/venv/lib/python3.9/site-packages/behave/matchers.py\", line 98, in run\n    self.func(context, *args, **kwargs)\n  File \"features/steps/booking_steps.py\", line 29, in step_external_data\n    assert context.response.status_code == 200, \\\n","steps":[{"name":"Given the API base URL is set","time":{"start":1755039866358,"stop":1755039866359,"duration":1},"status":"passed","steps":[],"attachments":[],"parameters":[],"stepsCount":0,"hasContent":false,"attachmentStep":false,"shouldDisplayMessage":false,"attachmentsCount":0},{"name":"When I send a GET request to booking from \"test_data/b_id.json\"","time":{"start":1755039866359,"stop":1755039867381,"duration":1022},"status":"failed","statusMessage":"AssertionError: Failed to get details for 1\n","statusTrace":"  File \"/Users/sachinmate/Documents/Projects/api-automation-behave-framework/api-automation-behave-framework/venv/lib/python3.9/site-packages/behave/model.py\", line 1329, in run\n    match.run(runner.context)\n  File \"/Users/sachinmate/Documents/Projects/api-automation-behave-framework/api-automation-behave-framework/venv/lib/python3.9/site-packages/behave/matchers.py\", line 98, in run\n    self.func(context, *args, **kwargs)\n  File \"features/steps/booking_steps.py\", line 29, in step_external_data\n    assert context.response.status_code == 200, \\\n","steps":[],"attachments":[],"parameters":[],"stepsCount":0,"hasContent":true,"attachmentStep":false,"shouldDisplayMessage":true,"attachmentsCount":0},{"name":"Then the response status code should be 200","time":{"start":1755039867382,"stop":1755039867382,"duration":0},"status":"skipped","steps":[],"attachments":[],"parameters":[],"stepsCount":0,"hasContent":false,"attachmentStep":false,"shouldDisplayMessage":false,"attachmentsCount":0}],"attachments":[],"parameters":[],"stepsCount":3,"hasContent":true,"attachmentStep":false,"shouldDisplayMessage":false,"attachmentsCount":0},"afterStages":[],"labels":[{"name":"severity","value":"normal"},{"name":"feature","value":"Users API testing"},{"name":"framework","value":"behave"},{"name":"language","value":"cpython3"},{"name":"resultFormat","value":"allure2"}],"parameters":[],"links":[],"hidden":false,"retry":false,"extra":{"severity":"normal","retries":[{"uid":"13726664b88c76c1","status":"passed","time":{"start":1755039047764,"stop":1755039050877,"duration":3113}}],"categories":[{"name":"Product defects","matchedStatuses":[]}],"tags":[]},"source":"9afef93e43bb9fda.json","parameterValues":[]}