{"uid":"fc414c495dfc010e","name":"Verify GET /booking/2742 API -- @1.1 ","fullName":"Users API testing: Verify GET /booking/2742 API","historyId":"a01d317923f039468984483082ff3f6e","time":{"start":1755039865385,"stop":1755039866356,"duration":971},"status":"failed","statusMessage":"AssertionError: Expected 200 but got 404\n","statusTrace":"  File \"/Users/sachinmate/Documents/Projects/api-automation-behave-framework/api-automation-behave-framework/venv/lib/python3.9/site-packages/behave/model.py\", line 1329, in run\n    match.run(runner.context)\n  File \"/Users/sachinmate/Documents/Projects/api-automation-behave-framework/api-automation-behave-framework/venv/lib/python3.9/site-packages/behave/matchers.py\", line 98, in run\n    self.func(context, *args, **kwargs)\n  File \"features/steps/booking_steps.py\", line 35, in step_validate_status_code\n    assert context.response.status_code == 200, \\\n","flaky":false,"newFailed":false,"newBroken":false,"newPassed":false,"retriesCount":1,"retriesStatusChange":true,"beforeStages":[],"testStage":{"status":"failed","statusMessage":"AssertionError: Expected 200 but got 404\n","statusTrace":"  File \"/Users/sachinmate/Documents/Projects/api-automation-behave-framework/api-automation-behave-framework/venv/lib/python3.9/site-packages/behave/model.py\", line 1329, in run\n    match.run(runner.context)\n  File \"/Users/sachinmate/Documents/Projects/api-automation-behave-framework/api-automation-behave-framework/venv/lib/python3.9/site-packages/behave/matchers.py\", line 98, in run\n    self.func(context, *args, **kwargs)\n  File \"features/steps/booking_steps.py\", line 35, in step_validate_status_code\n    assert context.response.status_code == 200, \\\n","steps":[{"name":"Given the API base URL is set","time":{"start":1755039865385,"stop":1755039865385,"duration":0},"status":"passed","steps":[],"attachments":[],"parameters":[],"stepsCount":0,"hasContent":false,"attachmentStep":false,"shouldDisplayMessage":false,"attachmentsCount":0},{"name":"When I send a GET request to \"booking/2742\"","time":{"start":1755039865385,"stop":1755039866353,"duration":968},"status":"passed","steps":[],"attachments":[],"parameters":[],"stepsCount":0,"hasContent":false,"attachmentStep":false,"shouldDisplayMessage":false,"attachmentsCount":0},{"name":"Then the response status code should be 200","time":{"start":1755039866353,"stop":1755039866356,"duration":3},"status":"failed","statusMessage":"AssertionError: Expected 200 but got 404\n","statusTrace":"  File \"/Users/sachinmate/Documents/Projects/api-automation-behave-framework/api-automation-behave-framework/venv/lib/python3.9/site-packages/behave/model.py\", line 1329, in run\n    match.run(runner.context)\n  File \"/Users/sachinmate/Documents/Projects/api-automation-behave-framework/api-automation-behave-framework/venv/lib/python3.9/site-packages/behave/matchers.py\", line 98, in run\n    self.func(context, *args, **kwargs)\n  File \"features/steps/booking_steps.py\", line 35, in step_validate_status_code\n    assert context.response.status_code == 200, \\\n","steps":[],"attachments":[],"parameters":[],"stepsCount":0,"hasContent":true,"attachmentStep":false,"shouldDisplayMessage":true,"attachmentsCount":0}],"attachments":[],"parameters":[],"stepsCount":3,"hasContent":true,"attachmentStep":false,"shouldDisplayMessage":false,"attachmentsCount":0},"afterStages":[],"labels":[{"name":"severity","value":"normal"},{"name":"feature","value":"Users API testing"},{"name":"framework","value":"behave"},{"name":"language","value":"cpython3"},{"name":"resultFormat","value":"allure2"}],"parameters":[{"name":"id","value":"2742"}],"links":[],"hidden":false,"retry":false,"extra":{"severity":"normal","retries":[{"uid":"e2879b9ddc3996ba","status":"passed","time":{"start":1755039046638,"stop":1755039047762,"duration":1124}}],"categories":[{"name":"Product defects","matchedStatuses":[]}],"tags":[]},"source":"fc414c495dfc010e.json","parameterValues":["2742"]}